23-05-01 11:12:18 __main__     INFO     XML file saved to /home/sdanioth/Documents/git/oscar-facility-catalogue/Test_Sarina_1_CHE_224.xml
23-05-01 11:46:34 __main__     ERROR    unexpected '}'
23-05-01 11:47:18 __main__     ERROR    unexpected '}'
23-05-01 11:48:53 __main__     ERROR    unexpected '}'
23-05-01 11:52:30 __main__     INFO     XML file saved to /home/sdanioth/Documents/git/oscar-facility-catalogue/Test_Sarina_1_CHE_224.xml
23-05-01 14:08:17 __main__     INFO     XML file saved to /home/sdanioth/Documents/git/oscar-facility-catalogue/Test_Sarina_2_CHE_224.xml
23-05-01 14:08:17 __main__     INFO     Uploading XML file /home/sdanioth/Documents/git/oscar-facility-catalogue/Test_Sarina_2_CHE_224.xml ... 
23-05-01 14:13:01 __main__     INFO     XML file saved to /home/sdanioth/Documents/git/oscar-facility-catalogue/Test_Sarina_2_CHE_224.xml
23-05-01 14:13:01 urllib3.connectionpool DEBUG    Starting new HTTPS connection (1): oscardepl.wmo.int:443
23-05-01 14:13:01 urllib3.connectionpool DEBUG    https://oscardepl.wmo.int:443 "POST /surface/rest/api/wmd/upload/ HTTP/1.1" 401 None
23-05-01 14:15:49 __main__     INFO     XML file saved to /home/sdanioth/Documents/git/oscar-facility-catalogue/Test_Sarina_2_CHE_224.xml
23-05-01 14:15:49 urllib3.connectionpool DEBUG    Starting new HTTPS connection (1): oscardepl.wmo.int:443
23-05-01 14:15:50 urllib3.connectionpool DEBUG    https://oscardepl.wmo.int:443 "POST /surface/rest/api/wmd/upload/ HTTP/1.1" 401 None
23-05-01 14:18:40 __main__     INFO     XML file saved to /home/sdanioth/Documents/git/oscar-facility-catalogue/Test_Sarina_2_CHE_224.xml
23-05-01 14:18:40 urllib3.connectionpool DEBUG    Starting new HTTPS connection (1): oscardepl.wmo.int:443
23-05-01 14:18:40 urllib3.connectionpool DEBUG    https://oscardepl.wmo.int:443 "POST /surface/rest/api/wmd/upload/ HTTP/1.1" 401 None
23-05-01 14:19:53 __main__     INFO     XML file saved to /home/sdanioth/Documents/git/oscar-facility-catalogue/Test_Sarina_2_CHE_224.xml
23-05-01 14:19:53 urllib3.connectionpool DEBUG    Starting new HTTPS connection (1): oscardepl.wmo.int:443
23-05-01 14:19:53 urllib3.connectionpool DEBUG    https://oscardepl.wmo.int:443 "POST /surface/rest/api/wmd/upload/ HTTP/1.1" 401 None
23-05-01 14:29:50 __main__     INFO     XML file saved to /home/sdanioth/Documents/git/oscar-facility-catalogue/Test_Sarina_2_CHE_224.xml
23-05-01 14:29:50 urllib3.connectionpool DEBUG    Starting new HTTPS connection (1): oscardepl.wmo.int:443
23-05-01 14:29:51 urllib3.connectionpool DEBUG    https://oscardepl.wmo.int:443 "POST /surface/rest/api/wmd/upload/ HTTP/1.1" 401 None
23-05-01 14:58:04 __main__     INFO     XML file saved to /home/sdanioth/Documents/git/oscar-facility-catalogue/Test_Sarina_2_CHE_224.xml
23-05-01 14:58:05 urllib3.connectionpool DEBUG    Starting new HTTPS connection (1): oscardepl.wmo.int:443
23-05-01 14:58:05 urllib3.connectionpool DEBUG    https://oscardepl.wmo.int:443 "POST /surface/rest/api/wmd/upload/ HTTP/1.1" 401 None
23-05-01 15:09:36 __main__     INFO     XML file saved to /home/sdanioth/Documents/git/oscar-facility-catalogue/Sarina2_CHE_224.xml
23-05-01 15:09:36 urllib3.connectionpool DEBUG    Starting new HTTPS connection (1): oscardepl.wmo.int:443
23-05-01 15:09:36 urllib3.connectionpool DEBUG    https://oscardepl.wmo.int:443 "POST /surface/rest/api/wmd/upload/ HTTP/1.1" 401 None
23-05-01 15:48:32 __main__     INFO     XML file saved to /home/sdanioth/Documents/git/oscar-facility-catalogue/Sarina2_CHE_224.xml
23-05-01 15:48:32 urllib3.connectionpool DEBUG    Starting new HTTPS connection (1): oscardepl.wmo.int:443
23-05-01 15:48:33 urllib3.connectionpool DEBUG    https://oscardepl.wmo.int:443 "POST /surface/rest/api/wmd/upload/ HTTP/1.1" 401 None
23-05-01 15:48:34 __main__     INFO     XML file saved to /home/sdanioth/Documents/git/oscar-facility-catalogue/Sarina2_CHE_224.xml
23-05-01 15:48:34 urllib3.connectionpool DEBUG    Starting new HTTPS connection (1): oscardepl.wmo.int:443
23-05-01 15:48:34 urllib3.connectionpool DEBUG    https://oscardepl.wmo.int:443 "POST /surface/rest/api/wmd/upload/ HTTP/1.1" 401 None
23-05-01 15:56:23 __main__     INFO     XML file saved to /home/sdanioth/Documents/git/oscar-facility-catalogue/Sarina2_CHE_224.xml
23-05-01 15:56:23 urllib3.connectionpool DEBUG    Starting new HTTPS connection (1): oscardepl.wmo.int:443
23-05-01 15:56:24 urllib3.connectionpool DEBUG    https://oscardepl.wmo.int:443 "POST /surface/rest/api/wmd/upload/ HTTP/1.1" 401 None
23-05-01 15:56:44 __main__     INFO     XML file saved to /home/sdanioth/Documents/git/oscar-facility-catalogue/Sarina2_CHE_224.xml
23-05-01 15:56:44 urllib3.connectionpool DEBUG    Starting new HTTPS connection (1): oscardepl.wmo.int:443
23-05-01 15:56:44 urllib3.connectionpool DEBUG    https://oscardepl.wmo.int:443 "POST /surface/rest/api/wmd/upload/ HTTP/1.1" 401 None
23-05-01 16:11:10 __main__     INFO     XML file saved to /home/sdanioth/Documents/git/oscar-facility-catalogue/Sarina2_CHE_224.xml
23-05-01 16:11:10 urllib3.connectionpool DEBUG    Starting new HTTPS connection (1): oscardepl.wmo.int:443
23-05-01 16:11:11 urllib3.connectionpool DEBUG    https://oscardepl.wmo.int:443 "POST /surface/rest/api/wmd/upload/ HTTP/1.1" 401 None
